#
# There is insufficient memory for the Java Runtime Environment to continue.
# Native memory allocation (malloc) failed to allocate 1048576 bytes. Error detail: AllocateHeap
# Possible reasons:
#   The system is out of physical RAM or swap space
#   This process is running with CompressedOops enabled, and the Java Heap may be blocking the growth of the native heap
# Possible solutions:
#   Reduce memory load on the system
#   Increase physical memory or swap space
#   Check if swap backing store is full
#   Decrease Java heap size (-Xmx/-Xms)
#   Decrease number of Java threads
#   Decrease Java thread stack sizes (-Xss)
#   Set larger code cache with -XX:ReservedCodeCacheSize=
#   JVM is running with Unscaled Compressed Oops mode in which the Java heap is
#     placed in the first 4GB address space. The Java Heap base address is the
#     maximum limit for the native heap growth. Please use -XX:HeapBaseMinAddress
#     to set the Java Heap base and to place the Java Heap above 4GB virtual address.
# This output file may be truncated or incomplete.
#
#  Out of Memory Error (allocation.cpp:44), pid=67756, tid=83504
#
# JRE version:  (17.0.11+9) (build )
# Java VM: OpenJDK 64-Bit Server VM (17.0.11+9, mixed mode, tiered, compressed oops, compressed class ptrs, parallel gc, windows-amd64)
# No core dump will be written. Minidumps are not enabled by default on client versions of Windows
#

---------------  S U M M A R Y ------------

Command Line: --add-modules=ALL-SYSTEM --add-opens=java.base/java.util=ALL-UNNAMED --add-opens=java.base/java.lang=ALL-UNNAMED --add-opens=java.base/sun.nio.fs=ALL-UNNAMED -Declipse.application=org.eclipse.jdt.ls.core.id1 -Dosgi.bundles.defaultStartLevel=4 -Declipse.product=org.eclipse.jdt.ls.core.product -Djava.import.generatesMetadataFilesAtProjectRoot=false -DDetectVMInstallationsJob.disabled=true -Dfile.encoding=utf8 -XX:+UseParallelGC -XX:GCTimeRatio=4 -XX:AdaptiveSizePolicyWeight=90 -Dsun.zip.disableMemoryMapping=true -Xmx1G -Xms100m -Xlog:disable -javaagent:c:\Users\joshi\.vscode\extensions\redhat.java-1.31.0-win32-x64\lombok\lombok-1.18.32.jar -XX:+HeapDumpOnOutOfMemoryError -XX:HeapDumpPath=c:\Users\joshi\AppData\Roaming\Code\User\workspaceStorage\9909661ab65811882e45ee2a2cf63488\redhat.java -Daether.dependencyCollector.impl=bf c:\Users\joshi\.vscode\extensions\redhat.java-1.31.0-win32-x64\server\plugins\org.eclipse.equinox.launcher_1.6.800.v20240513-1750.jar -configuration c:\Users\joshi\AppData\Roaming\Code\User\globalStorage\redhat.java\1.31.0\config_win -data c:\Users\joshi\AppData\Roaming\Code\User\workspaceStorage\9909661ab65811882e45ee2a2cf63488\redhat.java\jdt_ws --pipe=\\.\pipe\lsp-5baa77b39ea21c772e9e61dc5aefa797-sock

Host: 11th Gen Intel(R) Core(TM) i7-1165G7 @ 2.80GHz, 8 cores, 11G,  Windows 10 , 64 bit Build 19041 (10.0.19041.3636)
Time: Mon Jun  3 13:39:58 2024 Eastern Daylight Time elapsed time: 0.261253 seconds (0d 0h 0m 0s)

---------------  T H R E A D  ---------------

Current thread (0x0000015e294c7a50):  JavaThread "Unknown thread" [_thread_in_vm, id=83504, stack(0x0000005586c00000,0x0000005586d00000)]

Stack: [0x0000005586c00000,0x0000005586d00000]
Native frames: (J=compiled Java code, j=interpreted, Vv=VM code, C=native code)
V  [jvm.dll+0x67d429]
V  [jvm.dll+0x834b7a]
V  [jvm.dll+0x83663e]
V  [jvm.dll+0x836ca3]
V  [jvm.dll+0x247dbf]
V  [jvm.dll+0xa6cb3]
V  [jvm.dll+0x6b0076]
V  [jvm.dll+0x6b0c4f]
V  [jvm.dll+0x689b53]
V  [jvm.dll+0x806c4b]
V  [jvm.dll+0x36c5e4]
V  [jvm.dll+0x7e4f56]
V  [jvm.dll+0x3efdcf]
V  [jvm.dll+0x3f1921]
C  [jli.dll+0x528f]
C  [ucrtbase.dll+0x21bb2]
C  [KERNEL32.DLL+0x17344]
C  [ntdll.dll+0x526b1]


---------------  P R O C E S S  ---------------

Threads class SMR info:
_java_thread_list=0x00007ffd63afeed8, length=0, elements={
}

Java Threads: ( => current thread )

Other Threads:
  0x0000015e294dc700 GCTaskThread "GC Thread#0" [stack: 0x0000005586d00000,0x0000005586e00000] [id=70936]

=>0x0000015e294c7a50 (exited) JavaThread "Unknown thread" [_thread_in_vm, id=83504, stack(0x0000005586c00000,0x0000005586d00000)]

Threads with active compile tasks:

VM state: not at safepoint (normal execution)

VM Mutex/Monitor currently owned by a thread: None

Heap address: 0x00000000c0000000, size: 1024 MB, Compressed Oops mode: 32-bit

CDS archive(s) not mapped
Compressed class space mapped at: 0x0000000100000000-0x0000000140000000, reserved size: 1073741824
Narrow klass base: 0x0000000000000000, Narrow klass shift: 3, Narrow klass range: 0x140000000

GC Precious Log:
 CPUs: 8 total, 8 available
 Memory: 12014M
 Large Page Support: Disabled
 NUMA Support: Disabled
 Compressed Oops: Enabled (32-bit)
 Alignments: Space 512K, Generation 512K, Heap 2M
 Heap Min Capacity: 100M
 Heap Initial Capacity: 100M
 Heap Max Capacity: 1G
 Pre-touch: Disabled
 Parallel Workers: 8

Heap:
 PSYoungGen      total 29696K, used 512K [0x00000000eab00000, 0x00000000ecc00000, 0x0000000100000000)
  eden space 25600K, 2% used [0x00000000eab00000,0x00000000eab80070,0x00000000ec400000)
  from space 4096K, 0% used [0x00000000ec800000,0x00000000ec800000,0x00000000ecc00000)
  to   space 4096K, 0% used [0x00000000ec400000,0x00000000ec400000,0x00000000ec800000)
 ParOldGen       total 68608K, used 0K [0x00000000c0000000, 0x00000000c4300000, 0x00000000eab00000)
  object space 68608K, 0% used [0x00000000c0000000,0x00000000c0000000,0x00000000c4300000)
 Metaspace       used 1149K, committed 1216K, reserved 1114112K
  class space    used 101K, committed 128K, reserved 1048576K

Card table byte_map: [0x0000015e3cb70000,0x0000015e3cd80000] _byte_map_base: 0x0000015e3c570000

Marking Bits: (ParMarkBitMap*) 0x00007ffd63b6d820
 Begin Bits: [0x0000015e3cee0000, 0x0000015e3dee0000)
 End Bits:   [0x0000015e3dee0000, 0x0000015e3eee0000)

Polling page: 0x0000015e29360000

Metaspace:

Usage:
  Non-class:      1.02 MB used.
      Class:    101.05 KB used.
       Both:      1.12 MB used.

Virtual space:
  Non-class space:       64.00 MB reserved,       1.06 MB (  2%) committed,  1 nodes.
      Class space:        1.00 GB reserved,     128.00 KB ( <1%) committed,  1 nodes.
             Both:        1.06 GB reserved,       1.19 MB ( <1%) committed. 

Chunk freelists:
   Non-Class:  12.00 MB
       Class:  15.75 MB
        Both:  27.75 MB

MaxMetaspaceSize: unlimited
CompressedClassSpaceSize: 1.00 GB
Initial GC threshold: 21.00 MB
Current GC threshold: 17179869184.00 GB
CDS: off
MetaspaceReclaimPolicy: balanced
 - commit_granule_bytes: 65536.
 - commit_granule_words: 8192.
 - virtual_space_node_default_size: 8388608.
 - enlarge_chunks_in_place: 1.
 - new_chunks_are_fully_committed: 0.
 - uncommit_free_chunks: 1.
 - use_allocation_guard: 0.
 - handle_deallocations: 1.


Internal statistics:

num_allocs_failed_limit: 0.
num_arena_births: 2.
num_arena_deaths: 0.
num_vsnodes_births: 2.
num_vsnodes_deaths: 0.
num_space_committed: 19.
num_space_uncommitted: 0.
num_chunks_returned_to_freelist: 0.
num_chunks_taken_from_freelist: 3.
num_chunk_merges: 0.
num_chunk_splits: 2.
num_chunks_enlarged: 0.
num_inconsistent_stats: 0.

CodeHeap 'non-profiled nmethods': size=120000Kb used=0Kb max_used=0Kb free=120000Kb
 bounds [0x0000015e35460000, 0x0000015e356d0000, 0x0000015e3c990000]
CodeHeap 'profiled nmethods': size=120000Kb used=0Kb max_used=0Kb free=120000Kb
 bounds [0x0000015e2d990000, 0x0000015e2dc00000, 0x0000015e34ec0000]
CodeHeap 'non-nmethods': size=5760Kb used=209Kb max_used=360Kb free=5550Kb
 bounds [0x0000015e34ec0000, 0x0000015e35130000, 0x0000015e35460000]
 total_blobs=66 nmethods=0 adapters=47
 compilation: enabled
              stopped_count=0, restarted_count=0
 full_count=0

Compilation events (0 events):
No events

GC Heap History (0 events):
No events

Dll operation events (1 events):
Event: 0.155 Loaded shared library c:\Users\joshi\.vscode\extensions\redhat.java-1.31.0-win32-x64\jre\17.0.11-win32-x86_64\bin\java.dll

Deoptimization events (0 events):
No events

Classes unloaded (0 events):
No events

Classes redefined (0 events):
No events

Internal exceptions (0 events):
No events

VM Operations (0 events):
No events

Events (20 events):
Event: 0.248 loading class java/lang/Long
Event: 0.249 loading class java/lang/Long done
Event: 0.249 loading class java/util/Iterator
Event: 0.249 loading class java/util/Iterator done
Event: 0.249 loading class java/lang/reflect/RecordComponent
Event: 0.249 loading class java/lang/reflect/RecordComponent done
Event: 0.249 loading class jdk/internal/vm/vector/VectorSupport
Event: 0.250 loading class jdk/internal/vm/vector/VectorSupport done
Event: 0.250 loading class jdk/internal/vm/vector/VectorSupport$VectorPayload
Event: 0.250 loading class jdk/internal/vm/vector/VectorSupport$VectorPayload done
Event: 0.250 loading class jdk/internal/vm/vector/VectorSupport$Vector
Event: 0.250 loading class jdk/internal/vm/vector/VectorSupport$Vector done
Event: 0.250 loading class jdk/internal/vm/vector/VectorSupport$VectorMask
Event: 0.250 loading class jdk/internal/vm/vector/VectorSupport$VectorMask done
Event: 0.250 loading class jdk/internal/vm/vector/VectorSupport$VectorShuffle
Event: 0.250 loading class jdk/internal/vm/vector/VectorSupport$VectorShuffle done
Event: 0.254 loading class java/lang/NullPointerException
Event: 0.254 loading class java/lang/NullPointerException done
Event: 0.254 loading class java/lang/ArithmeticException
Event: 0.254 loading class java/lang/ArithmeticException done


Dynamic libraries:
0x00007ff6339f0000 - 0x00007ff6339fe000 	c:\Users\joshi\.vscode\extensions\redhat.java-1.31.0-win32-x64\jre\17.0.11-win32-x86_64\bin\java.exe
0x00007ffdbc630000 - 0x00007ffdbc828000 	C:\WINDOWS\SYSTEM32\ntdll.dll
0x00007ffdbc2d0000 - 0x00007ffdbc38d000 	C:\WINDOWS\System32\KERNEL32.DLL
0x00007ffdba0a0000 - 0x00007ffdba396000 	C:\WINDOWS\System32\KERNELBASE.dll
0x00007ffdba3a0000 - 0x00007ffdba4a0000 	C:\WINDOWS\System32\ucrtbase.dll
0x00007ffda3780000 - 0x00007ffda3797000 	c:\Users\joshi\.vscode\extensions\redhat.java-1.31.0-win32-x64\jre\17.0.11-win32-x86_64\bin\jli.dll
0x00007ffda3b60000 - 0x00007ffda3b7b000 	c:\Users\joshi\.vscode\extensions\redhat.java-1.31.0-win32-x64\jre\17.0.11-win32-x86_64\bin\VCRUNTIME140.dll
0x00007ffdbb4a0000 - 0x00007ffdbb63f000 	C:\WINDOWS\System32\USER32.dll
0x00007ffdba4a0000 - 0x00007ffdba4c2000 	C:\WINDOWS\System32\win32u.dll
0x00007ffd96bf0000 - 0x00007ffd96e8a000 	C:\WINDOWS\WinSxS\amd64_microsoft.windows.common-controls_6595b64144ccf1df_6.0.19041.4355_none_60b8b9eb71f62e16\COMCTL32.dll
0x00007ffdbafe0000 - 0x00007ffdbb00b000 	C:\WINDOWS\System32\GDI32.dll
0x00007ffdbc100000 - 0x00007ffdbc19e000 	C:\WINDOWS\System32\msvcrt.dll
0x00007ffdb9d50000 - 0x00007ffdb9e67000 	C:\WINDOWS\System32\gdi32full.dll
0x00007ffdba000000 - 0x00007ffdba09d000 	C:\WINDOWS\System32\msvcp_win.dll
0x00007ffdbc5b0000 - 0x00007ffdbc5e2000 	C:\WINDOWS\System32\IMM32.DLL
0x00007ffdb6c00000 - 0x00007ffdb6c0c000 	c:\Users\joshi\.vscode\extensions\redhat.java-1.31.0-win32-x64\jre\17.0.11-win32-x86_64\bin\vcruntime140_1.dll
0x00007ffd88dd0000 - 0x00007ffd88e5d000 	c:\Users\joshi\.vscode\extensions\redhat.java-1.31.0-win32-x64\jre\17.0.11-win32-x86_64\bin\msvcp140.dll
0x00007ffd62fd0000 - 0x00007ffd63c32000 	c:\Users\joshi\.vscode\extensions\redhat.java-1.31.0-win32-x64\jre\17.0.11-win32-x86_64\bin\server\jvm.dll
0x00007ffdbbbd0000 - 0x00007ffdbbc80000 	C:\WINDOWS\System32\ADVAPI32.dll
0x00007ffdbb400000 - 0x00007ffdbb4a0000 	C:\WINDOWS\System32\sechost.dll
0x00007ffdba660000 - 0x00007ffdba783000 	C:\WINDOWS\System32\RPCRT4.dll
0x00007ffdb9e70000 - 0x00007ffdb9e97000 	C:\WINDOWS\System32\bcrypt.dll
0x00007ffdb9360000 - 0x00007ffdb93ab000 	C:\WINDOWS\SYSTEM32\POWRPROF.dll
0x00007ffdb7ae0000 - 0x00007ffdb7b07000 	C:\WINDOWS\SYSTEM32\WINMM.dll
0x00007ffdafbb0000 - 0x00007ffdafbba000 	C:\WINDOWS\SYSTEM32\VERSION.dll
0x00007ffdb6b90000 - 0x00007ffdb6b99000 	C:\WINDOWS\SYSTEM32\WSOCK32.dll
0x00007ffdbbfe0000 - 0x00007ffdbc04b000 	C:\WINDOWS\System32\ws2_32.DLL
0x00007ffdb91e0000 - 0x00007ffdb91f2000 	C:\WINDOWS\SYSTEM32\UMPDC.dll
0x00007ffdb84f0000 - 0x00007ffdb8502000 	C:\WINDOWS\SYSTEM32\kernel.appcore.dll
0x00007ffdaf790000 - 0x00007ffdaf79a000 	c:\Users\joshi\.vscode\extensions\redhat.java-1.31.0-win32-x64\jre\17.0.11-win32-x86_64\bin\jimage.dll
0x00007ffdb78b0000 - 0x00007ffdb7a94000 	C:\WINDOWS\SYSTEM32\DBGHELP.DLL
0x00007ffdb7aa0000 - 0x00007ffdb7ad4000 	C:\WINDOWS\SYSTEM32\dbgcore.DLL
0x00007ffdba5d0000 - 0x00007ffdba652000 	C:\WINDOWS\System32\bcryptPrimitives.dll
0x00007ffdacc90000 - 0x00007ffdacc9e000 	c:\Users\joshi\.vscode\extensions\redhat.java-1.31.0-win32-x64\jre\17.0.11-win32-x86_64\bin\instrument.dll
0x00007ffd9ff50000 - 0x00007ffd9ff75000 	c:\Users\joshi\.vscode\extensions\redhat.java-1.31.0-win32-x64\jre\17.0.11-win32-x86_64\bin\java.dll
0x00007ffda0740000 - 0x00007ffda0758000 	c:\Users\joshi\.vscode\extensions\redhat.java-1.31.0-win32-x64\jre\17.0.11-win32-x86_64\bin\zip.dll

dbghelp: loaded successfully - version: 4.0.5 - missing functions: none
symbol engine: initialized successfully - sym options: 0x614 - pdb path: .;c:\Users\joshi\.vscode\extensions\redhat.java-1.31.0-win32-x64\jre\17.0.11-win32-x86_64\bin;C:\WINDOWS\SYSTEM32;C:\WINDOWS\WinSxS\amd64_microsoft.windows.common-controls_6595b64144ccf1df_6.0.19041.4355_none_60b8b9eb71f62e16;c:\Users\joshi\.vscode\extensions\redhat.java-1.31.0-win32-x64\jre\17.0.11-win32-x86_64\bin\server

VM Arguments:
jvm_args: --add-modules=ALL-SYSTEM --add-opens=java.base/java.util=ALL-UNNAMED --add-opens=java.base/java.lang=ALL-UNNAMED --add-opens=java.base/sun.nio.fs=ALL-UNNAMED -Declipse.application=org.eclipse.jdt.ls.core.id1 -Dosgi.bundles.defaultStartLevel=4 -Declipse.product=org.eclipse.jdt.ls.core.product -Djava.import.generatesMetadataFilesAtProjectRoot=false -DDetectVMInstallationsJob.disabled=true -Dfile.encoding=utf8 -XX:+UseParallelGC -XX:GCTimeRatio=4 -XX:AdaptiveSizePolicyWeight=90 -Dsun.zip.disableMemoryMapping=true -Xmx1G -Xms100m -Xlog:disable -javaagent:c:\Users\joshi\.vscode\extensions\redhat.java-1.31.0-win32-x64\lombok\lombok-1.18.32.jar -XX:+HeapDumpOnOutOfMemoryError -XX:HeapDumpPath=c:\Users\joshi\AppData\Roaming\Code\User\workspaceStorage\9909661ab65811882e45ee2a2cf63488\redhat.java -Daether.dependencyCollector.impl=bf 
java_command: c:\Users\joshi\.vscode\extensions\redhat.java-1.31.0-win32-x64\server\plugins\org.eclipse.equinox.launcher_1.6.800.v20240513-1750.jar -configuration c:\Users\joshi\AppData\Roaming\Code\User\globalStorage\redhat.java\1.31.0\config_win -data c:\Users\joshi\AppData\Roaming\Code\User\workspaceStorage\9909661ab65811882e45ee2a2cf63488\redhat.java\jdt_ws --pipe=\\.\pipe\lsp-5baa77b39ea21c772e9e61dc5aefa797-sock
java_class_path (initial): c:\Users\joshi\.vscode\extensions\redhat.java-1.31.0-win32-x64\server\plugins\org.eclipse.equinox.launcher_1.6.800.v20240513-1750.jar
Launcher Type: SUN_STANDARD

[Global flags]
    uintx AdaptiveSizePolicyWeight                 = 90                                        {product} {command line}
     intx CICompilerCount                          = 4                                         {product} {ergonomic}
    uintx GCTimeRatio                              = 4                                         {product} {command line}
     bool HeapDumpOnOutOfMemoryError               = true                                   {manageable} {command line}
    ccstr HeapDumpPath                             = c:\Users\joshi\AppData\Roaming\Code\User\workspaceStorage\9909661ab65811882e45ee2a2cf63488\redhat.java         {manageable} {command line}
   size_t InitialHeapSize                          = 104857600                                 {product} {command line}
   size_t MaxHeapSize                              = 1073741824                                {product} {command line}
   size_t MaxNewSize                               = 357564416                                 {product} {ergonomic}
   size_t MinHeapDeltaBytes                        = 524288                                    {product} {ergonomic}
   size_t MinHeapSize                              = 104857600                                 {product} {command line}
   size_t NewSize                                  = 34603008                                  {product} {ergonomic}
    uintx NonNMethodCodeHeapSize                   = 5839372                                {pd product} {ergonomic}
    uintx NonProfiledCodeHeapSize                  = 122909434                              {pd product} {ergonomic}
   size_t OldSize                                  = 70254592                                  {product} {ergonomic}
    uintx ProfiledCodeHeapSize                     = 122909434                              {pd product} {ergonomic}
    uintx ReservedCodeCacheSize                    = 251658240                              {pd product} {ergonomic}
     bool SegmentedCodeCache                       = true                                      {product} {ergonomic}
   size_t SoftMaxHeapSize                          = 1073741824                             {manageable} {ergonomic}
     bool UseCompressedClassPointers               = true                           {product lp64_product} {ergonomic}
     bool UseCompressedOops                        = true                           {product lp64_product} {ergonomic}
     bool UseLargePagesIndividualAllocation        = false                                  {pd product} {ergonomic}
     bool UseParallelGC                            = true                                      {product} {command line}

Logging:
Log output configuration:
 #0: stdout all=off uptime,level,tags
 #1: stderr all=off uptime,level,tags

Environment Variables:
PATH=C:\Program Files\Common Files\Oracle\Java\javapath;C:\Program Files (x86)\Razer Chroma SDK\bin;C:\Program Files\Razer Chroma SDK\bin;C:\Program Files (x86)\Razer\ChromaBroadcast\bin;C:\Program Files\Razer\ChromaBroadcast\bin;C:\WINDOWS\system32;C:\WINDOWS;C:\WINDOWS\System32\Wbem;C:\WINDOWS\System32\WindowsPowerShell\v1.0\;C:\WINDOWS\System32\OpenSSH\;C:\WINDOWS\system32\config\systemprofile\AppData\Local\Microsoft\WindowsApps;C:\Program Files\Git\cmd;C:\Users\joshi\AppData\Local\Programs\Python\Launcher\;C:\Users\joshi\AppData\Local\Microsoft\WindowsApps;;C:\Users\joshi\AppData\Local\Programs\Microsoft VS Code\bin
USERNAME=joshi
OS=Windows_NT
PROCESSOR_IDENTIFIER=Intel64 Family 6 Model 140 Stepping 1, GenuineIntel
TMP=C:\Users\joshi\AppData\Local\Temp
TEMP=C:\Users\joshi\AppData\Local\Temp



Periodic native trim disabled


---------------  S Y S T E M  ---------------

OS:
 Windows 10 , 64 bit Build 19041 (10.0.19041.3636)
OS uptime: 13 days 18:59 hours

CPU: total 8 (initial active 8) (4 cores per cpu, 2 threads per core) family 6 model 140 stepping 1 microcode 0xb4, cx8, cmov, fxsr, ht, mmx, 3dnowpref, sse, sse2, sse3, ssse3, sse4.1, sse4.2, popcnt, lzcnt, tsc, tscinvbit, avx, avx2, aes, erms, clmul, bmi1, bmi2, adx, avx512f, avx512dq, avx512cd, avx512bw, avx512vl, sha, fma, vzeroupper, avx512_vpopcntdq, avx512_vpclmulqdq, avx512_vaes, avx512_vnni, clflush, clflushopt, clwb, avx512_vbmi2, avx512_vbmi
Processor Information for all 8 processors :
  Max Mhz: 1690, Current Mhz: 1690, Mhz Limit: 1690

Memory: 4k page, system-wide physical 12014M (525M free)
TotalPageFile size 48878M (AvailPageFile size 54M)
current process WorkingSet (physical memory assigned to process): 16M, peak: 16M
current process commit charge ("private bytes"): 160M, peak: 161M

vm_info: OpenJDK 64-Bit Server VM (17.0.11+9) for windows-amd64 JRE (17.0.11+9), built on Apr 17 2024 06:07:48 by "admin" with MS VC++ 16.10 / 16.11 (VS2019)

END.
